Unity Editor version:    6000.4.5f1 (cc83ebd631f8)
Branch:                  6000.4/staging
Build type:              Release
Batch mode:              YES
macOS version:           Version 26.3 (Build 25D125)
Darwin version:          25.3.0
Architecture:            arm64
Running under Rosetta:   NO
Available memory:        24576 MB
Date:                    2026-05-10T05:09:31Z
[Licensing::Module] Trying to connect to existing licensing client channel...
[Licensing::IpcConnector] Successfully connected to: "LicenseClient-fawzo1" at "2026-05-10T05:09:31.667619Z"

COMMAND LINE ARGUMENTS:
/Applications/Unity/Hub/Editor/6000.4.5f1/Unity.app/Contents/MacOS/Unity
-adb2
-batchMode
-noUpm
-name
AssetImportWorker0
-projectPath
/Users/fawzo1/alu-unity/unity_concepts
-logFile
Logs/AssetImportWorker0.log
-srvPort
61777
-licensingIpc
LicenseClient-fawzo1
-force-metal
-job-worker-count
3
-background-job-worker-count
8
-gc-helper-count
1
-name AssetImport
Successfully changed project path to: /Users/fawzo1/alu-unity/unity_concepts
/Users/fawzo1/alu-unity/unity_concepts
[UnityMemory] Configuration Parameters - Can be set up in boot.config
    "memorysetup-temp-allocator-size-gi-baking-worker=262144"
    "memorysetup-temp-allocator-size-gi-baking-worker=262144"
    "memorysetup-temp-allocator-size-gi-baking-worker=262144"
    "memorysetup-temp-allocator-size-gi-baking-worker=262144"
    "memorysetup-temp-allocator-size-gi-baking-worker=262144"
    "memorysetup-temp-allocator-size-nav-mesh-worker=65536"
    "memorysetup-temp-allocator-size-audio-worker=65536"
    "memorysetup-temp-allocator-size-cloud-worker=32768"
    "memorysetup-allocator-temp-initial-block-size-main=262144"
    "memorysetup-allocator-temp-initial-block-size-worker=262144"
    "memorysetup-temp-allocator-size-background-worker=32768"
    "memorysetup-temp-allocator-size-job-worker=262144"
    "memorysetup-temp-allocator-size-preload-manager=33554432"
    "memorysetup-temp-allocator-size-gfx=262144"
    "memorysetup-bucket-allocator-granularity=16"
    "memorysetup-bucket-allocator-bucket-count=8"
    "memorysetup-bucket-allocator-block-size=33554432"
    "memorysetup-bucket-allocator-block-count=8"
    "memorysetup-main-allocator-block-size=16777216"
    "memorysetup-thread-allocator-block-size=16777216"
    "memorysetup-gfx-main-allocator-block-size=16777216"
    "memorysetup-gfx-thread-allocator-block-size=16777216"
    "memorysetup-cache-allocator-block-size=4194304"
    "memorysetup-typetree-allocator-block-size=2097152"
    "memorysetup-profiler-bucket-allocator-granularity=16"
    "memorysetup-profiler-bucket-allocator-bucket-count=8"
    "memorysetup-profiler-bucket-allocator-block-size=33554432"
    "memorysetup-profiler-bucket-allocator-block-count=8"
    "memorysetup-profiler-allocator-block-size=16777216"
    "memorysetup-profiler-editor-allocator-block-size=1048576"
    "memorysetup-temp-allocator-size-main=16777216"
    "memorysetup-job-temp-allocator-block-size=2097152"
    "memorysetup-job-temp-allocator-block-size-background=1048576"
    "memorysetup-job-temp-allocator-reduction-small-platforms=262144"
Player connection [8391323776]  Target information:

Player connection [8391323776]  * "[IP] 192.168.1.67 [Port] 0 [Flags] 2 [Guid] 1631706242 [EditorId] 1631706242 [Version] 1048832 [Id] OSXEditor(0,MacBook-Air.local) [Debug] 1 [PackageName] OSXEditor [ProjectName] Editor" 

Player connection [8391323776] Host joined multi-casting on [225.0.0.222:54997]...
Player connection [8391323776] Host joined alternative multi-casting on [225.0.0.222:34997]...
JobSystem: Creating JobQueue using job-worker-count value 3
Input System module state changed to: Initialized.
[Physics::Module] Initialized fallback backend.
[Physics::Module] Id: 0xdecafbad
Library Redirect Path: Library/
[Physics::Module] Selected backend.
[Physics::Module] Name: PhysX
[Physics::Module] Id: 0xf2b8ea05
[Physics::Module] SDK Version: 4.1.2
[Physics::Module] Integration Version: 1.0.0
[Physics::Module] Threading Mode: Multi-Threaded
Initialize engine version: 6000.4.5f1 (cc83ebd631f8)
[Subsystems] Discovering subsystems at path /Applications/Unity/Hub/Editor/6000.4.5f1/Unity.app/Contents/Resources/UnitySubsystems
[Subsystems] Discovering subsystems at path /Users/fawzo1/alu-unity/unity_concepts/Assets
Forcing GfxDevice: Metal
GfxDevice: creating device client; kGfxThreadingModeNonThreaded
 preferred device: Apple M3 (high power)
Metal devices available: 1
0: Apple M3 (high power)
Using device Apple M3 (high power)
Initializing Metal device caps: Apple M3
Mac GPU Family: 2
Apple GPU Family: 9
MSL Version: 3.0
Has Float MSAA: 1
Has Float Filtering: 1
ReadWrite Texture Tier: 2
Initialize mono
Mono path[0] = '/Applications/Unity/Hub/Editor/6000.4.5f1/Unity.app/Contents/Resources/Scripting/Managed'
Mono path[1] = '/Applications/Unity/Hub/Editor/6000.4.5f1/Unity.app/Contents/Resources/Scripting/MonoBleedingEdge/lib/mono/unityjit-macos'
Mono config path = '/Applications/Unity/Hub/Editor/6000.4.5f1/Unity.app/Contents/Resources/Scripting/MonoBleedingEdge/etc'
Using monoOptions --debugger-agent=transport=dt_socket,embedding=1,server=y,suspend=n,address=127.0.0.1:56638
CodeReloadManager initialized
Begin MonoManager ReloadAssembly
Registering precompiled unity dll's ...
Register platform support module: /Applications/Unity/Hub/Editor/6000.4.5f1/PlaybackEngines/WebGLSupport/UnityEditor.WebGL.Extensions.dll
Register platform support module: /Applications/Unity/Hub/Editor/6000.4.5f1/Unity.app/Contents/PlaybackEngines/MacStandaloneSupport/UnityEditor.OSXStandalone.Extensions.dll
Registered in 0.001162 seconds.
[Licensing::Client] Error: HandshakeResponse reported an error:
	ResponseCode: 505
	ResponseStatus: Unsupported protocol version '1.18.1'.
[Licensing::Module] Error: Failed to handshake to channel: "LicenseClient-fawzo1"
[Licensing::IpcConnector] LicenseClient-fawzo1 channel disconnected successfully.
[Licensing::IpcConnector] Successfully connected to: "LicenseClient-fawzo1-6000.4.5" at "2026-05-10T05:09:32.213379Z"
Native extension for OSXStandalone target not found
Native extension for WebGL target not found
Package Manager log level set to [2]
[Package Manager] Failed to launch server process. Reason: Unity was launched with the -noUpm command-line argument
[Package Manager] Unable to send message (not connected to server process).
[Package Manager] Cannot connect to Unity Package Manager local server
ScheduleIndexationOnStartup MainProcess:False IndexOnStartup:True
Mono: successfully reloaded assembly
- Finished resetting the current domain, in  0.236 seconds
Domain Reload Profiling: 511ms
	BeginReloadAssembly (69ms)
	RebuildCommonClasses (26ms)
	RebuildNativeTypeToScriptingClass (9ms)
	initialDomainReloadingComplete (33ms)
	LoadAllAssembliesAndSetupDomain (137ms)
		LoadAssemblies (70ms)
		AnalyzeDomain (131ms)
			TypeCache.Refresh (130ms)
				TypeCache.ScanAssembly (119ms)
	FinalizeReload (236ms)
		SetupLoadedEditorAssemblies (0ms)
			InitializePlatformSupportModulesInManaged (26ms)
			BeforeProcessingInitializeOnLoad (55ms)
			ProcessInitializeOnLoadAttributes (62ms)
			ProcessInitializeOnLoadMethodAttributes (56ms)
[CoreBusinessMetrics] Unexpected thread when updating session info.
========================================================================
Worker process is ready to serve import requests
Import Worker Mode flag is 0x00
Begin MonoManager ReloadAssembly
[Licensing::Module] Licensing is not yet initialized.
[Licensing::Client] Handshaking with LicensingClient:
  Version:                 1.18.1+9fbee8e
  Session Id:              9da8da6a366d487d8dfd4c802eb9227a
  Correlation Id:          91434e52b0429d81b728c6895bf84c36
  External correlation Id: 2084713530140598080
  Machine Id:              +Qn+j8PpaKhxIl6OAP4agSzo6uM=
[Licensing::Module] Successfully connected to LicensingClient on channel: "LicenseClient-fawzo1-6000.4.5" (connect: 0.00s, validation: 0.00s, handshake: 0.53s)
[Licensing::IpcConnector] Successfully connected to: "LicenseClient-fawzo1-6000.4.5-notifications" at "2026-05-10T05:09:32.743766Z"
[Licensing::Module] Licensing Background thread has ended after 1.08s
[Licensing::Module] Licensing is initialized (took 0.15s).
[Licensing::Client] Successfully resolved entitlement details
[Licensing::Module] License group:
  Id: 11270579425295-unity_5b7b662463c69c569c87-UnityProStuXXXX
  Product: Unity Student
  Type: Assigned
  Expiration: 2027-03-27T09:00:25Z
Assembly Assembly-CSharp-Editor-firstpass.dll at Library/ScriptAssemblies/Assembly-CSharp-Editor-firstpass.dll not valid. Loading of assembly skipped.
Assembly Assembly-CSharp-Editor.dll at Library/ScriptAssemblies/Assembly-CSharp-Editor.dll not valid. Loading of assembly skipped.
Assembly Assembly-CSharp-firstpass.dll at Library/ScriptAssemblies/Assembly-CSharp-firstpass.dll not valid. Loading of assembly skipped.
Assembly Assembly-CSharp.dll at Library/ScriptAssemblies/Assembly-CSharp.dll not valid. Loading of assembly skipped.
Assembly Unity.Multiplayer.Center.Editor.Tests.dll at Library/ScriptAssemblies/Unity.Multiplayer.Center.Editor.Tests.dll not valid. Loading of assembly skipped.
Assembly Unity.Multiplayer.Center.Tests.dll at Library/ScriptAssemblies/Unity.Multiplayer.Center.Tests.dll not valid. Loading of assembly skipped.
Native extension for OSXStandalone target not found
Native extension for WebGL target not found
[Package Manager] Failed to launch server process. Reason: Unity was launched with the -noUpm command-line argument
[Package Manager] Unable to send message (not connected to server process).
[Package Manager] Cannot connect to Unity Package Manager local server
ScheduleIndexationOnStartup MainProcess:False IndexOnStartup:True
Mono: successfully reloaded assembly
- Finished resetting the current domain, in  0.191 seconds
Domain Reload Profiling: 477ms
	BeginReloadAssembly (222ms)
		DisableScriptedObjects (3ms)
		CreateAndSetChildDomain (14ms)
	RebuildCommonClasses (24ms)
	RebuildNativeTypeToScriptingClass (10ms)
	initialDomainReloadingComplete (15ms)
	LoadAllAssembliesAndSetupDomain (13ms)
		LoadAssemblies (37ms)
		AnalyzeDomain (7ms)
			TypeCache.Refresh (6ms)
	FinalizeReload (192ms)
		SetupLoadedEditorAssemblies (0ms)
			BeforeProcessingInitializeOnLoad (52ms)
			ProcessInitializeOnLoadAttributes (44ms)
			ProcessInitializeOnLoadMethodAttributes (22ms)
Launching external process: /Applications/Unity/Hub/Editor/6000.4.5f1/Unity.app/Contents/Helpers/UnityShaderCompiler
Launched and connected shader compiler UnityShaderCompiler after 0.03 seconds
Unloading 0 Unused Serialized files (Serialized files now loaded: 0)
Unloading 64 unused Assets / (24.5 KB). Loaded Objects now: 663.
Memory consumption went from 59.2 MB to 59.2 MB.
Total: 3.276167 ms (FindLiveObjects: 0.023542 ms CreateObjectMapping: 0.006791 ms MarkObjects: 3.175834 ms  DeleteObjects: 0.069083 ms)

========================================================================
Received Import Request.
  Time since last request: 191385.911764 seconds.
  path: Assets/Scenes
  importAddress: Guid(0d47eda389e9045d4876ede09d1e9b43) Importer(2089858483,b0f066a214c2f5e87bad3c948f4d605d)
Start importing Assets/Scenes using Guid(0d47eda389e9045d4876ede09d1e9b43) Importer(2089858483,b0f066a214c2f5e87bad3c948f4d605d) (ScriptedImporter) -> (Import Result ID: '75f4d40bc4089ebfaf7045d783f9822c') in 0.027452334 seconds [static and dynamic dependencies]. Details - ImportResultOutputID=8c267b93b131a166499fc255b1660351 DependenciesID=cf079088ffa23c921a2ddd2b120e530b StaticDependenciesID=dc8bc6626b856fe09323900e4269d85b 
Number of updated asset objects reloaded before import = 0Number of asset objects unloaded after import = 1

========================================================================
Received Import Request.
  Time since last request: 0.000055 seconds.
  path: Assets/Scenes
  importAddress: Guid(0d47eda389e9045d4876ede09d1e9b43) Importer(815301076,1909f56bfc062723c751e8b465ee728b)
Start importing Assets/Scenes using Guid(0d47eda389e9045d4876ede09d1e9b43) Importer(815301076,1909f56bfc062723c751e8b465ee728b) (PreviewImporter) -> (Import Result ID: 'c725c3d8e335307707bcb02b745d59b5') in 0.000249333 seconds [static and dynamic dependencies]. Details - ImportResultOutputID=0aa51348b96775747c25b07f7ea0391c DependenciesID=cb48acb3754051051f87d5cc11224ada StaticDependenciesID=b16e10686234a517d87b138503c738b8 
Number of updated asset objects reloaded before import = 0Number of asset objects unloaded after import = 0

========================================================================
Received Import Request.
  Time since last request: 24.924017 seconds.
  path: Assets/Scenes/New Scene.unity
  importAddress: Guid(d0ba5a09439f84cbf88571c62a745203) Importer(2089858483,b0f066a214c2f5e87bad3c948f4d605d)
Start importing Assets/Scenes/New Scene.unity using Guid(d0ba5a09439f84cbf88571c62a745203) Importer(2089858483,b0f066a214c2f5e87bad3c948f4d605d) (ScriptedImporter) -> (Import Result ID: '0df06943bc184ab5e00a6eac6fb12bf4') in 0.058886166 seconds [static and dynamic dependencies]. Details - ImportResultOutputID=677e43fbe8ed83073f442c80fc0b1541 DependenciesID=eefc1b0fa71876ef05ca46dad153ada0 StaticDependenciesID=08c13390d2c63443e5be62b4169e3ba5 
Number of updated asset objects reloaded before import = 0Number of asset objects unloaded after import = 1

========================================================================
Received Import Request.
  Time since last request: 4.440163 seconds.
  path: Assets/Scenes/New Scene.unity
  importAddress: Guid(d0ba5a09439f84cbf88571c62a745203) Importer(815301076,1909f56bfc062723c751e8b465ee728b)
Start importing Assets/Scenes/New Scene.unity using Guid(d0ba5a09439f84cbf88571c62a745203) Importer(815301076,1909f56bfc062723c751e8b465ee728b) (PreviewImporter) -> (Import Result ID: '79fb143aece16d91e98205ff44f1fdec') in 0.000386792 seconds [static and dynamic dependencies]. Details - ImportResultOutputID=dbed228c390d9d613fb1e60a4eb39de8 DependenciesID=5bfc43f5736a4d80c9b18489947e0b08 StaticDependenciesID=d09a2fbc7bab3078b22f7b2bc7fa88e5 
Number of updated asset objects reloaded before import = 0Number of asset objects unloaded after import = 0

========================================================================
Received Import Request.
  Time since last request: 6.198421 seconds.
  path: Assets/Scenes/0-floor.unity
  importAddress: Guid(d0ba5a09439f84cbf88571c62a745203) Importer(815301076,1909f56bfc062723c751e8b465ee728b)
Start importing Assets/Scenes/0-floor.unity using Guid(d0ba5a09439f84cbf88571c62a745203) Importer(815301076,1909f56bfc062723c751e8b465ee728b) (PreviewImporter) -> (Import Result ID: '34ce630bf672b1e2624a1f21482f7eda') in 0.000480958 seconds [static and dynamic dependencies]. Details - ImportResultOutputID=dbed228c390d9d613fb1e60a4eb39de8 DependenciesID=ecdb1ffb85c05b0a9de780272de7864d StaticDependenciesID=b7fab30f13503561fedb8f39cbb54455 
Number of updated asset objects reloaded before import = 0Number of asset objects unloaded after import = 0

========================================================================
Received Import Request.
  Time since last request: 0.997070 seconds.
  path: Assets/Scenes/0-floor.unity
  importAddress: Guid(d0ba5a09439f84cbf88571c62a745203) Importer(2089858483,b0f066a214c2f5e87bad3c948f4d605d)
Start importing Assets/Scenes/0-floor.unity using Guid(d0ba5a09439f84cbf88571c62a745203) Importer(2089858483,b0f066a214c2f5e87bad3c948f4d605d) (ScriptedImporter) -> (Import Result ID: '34a93d1518a9bb0293c8d8102b5407a1') in 0.002448041 seconds [static and dynamic dependencies]. Details - ImportResultOutputID=e3e44fa515715c4b8c06c34b6861a90e DependenciesID=1273fed051b6e2887b9f421090273138 StaticDependenciesID=2d81ecda595051a18235e54705db8b28 
Number of updated asset objects reloaded before import = 0Number of asset objects unloaded after import = 1

========================================================================
Received Import Request.
  Time since last request: 88.114773 seconds.
  path: Assets/Scenes/0-floor.unity
  importAddress: Guid(d0ba5a09439f84cbf88571c62a745203) Importer(2089858483,b0f066a214c2f5e87bad3c948f4d605d)
Start importing Assets/Scenes/0-floor.unity using Guid(d0ba5a09439f84cbf88571c62a745203) Importer(2089858483,b0f066a214c2f5e87bad3c948f4d605d) (ScriptedImporter) -> (Import Result ID: 'a68bb52d8fb283753c7613ac2ae0c433') in 0.003753375 seconds [static and dynamic dependencies]. Details - ImportResultOutputID=5b8a95e44e94021f39001bb1a5d56a30 DependenciesID=a24aa8c2efb6b6b941f4bd6444b6439f StaticDependenciesID=38b79724fc5024f4b0c70758ede8a3ab 
Number of updated asset objects reloaded before import = 0Number of asset objects unloaded after import = 1

========================================================================
Received Import Request.
  Time since last request: 159.322154 seconds.
  path: Assets/Scenes/0-floor.unity
  importAddress: Guid(d0ba5a09439f84cbf88571c62a745203) Importer(815301076,1909f56bfc062723c751e8b465ee728b)
Start importing Assets/Scenes/0-floor.unity using Guid(d0ba5a09439f84cbf88571c62a745203) Importer(815301076,1909f56bfc062723c751e8b465ee728b) (PreviewImporter) -> (Import Result ID: '9d8cf1594e2128c0bacd57f616cc919d') in 0.003634542 seconds [static and dynamic dependencies]. Details - ImportResultOutputID=dbed228c390d9d613fb1e60a4eb39de8 DependenciesID=013f860ed2daf1fb362e7313308e43e2 StaticDependenciesID=1d00574b9433cd12330b32891bf82518 
Number of updated asset objects reloaded before import = 0Number of asset objects unloaded after import = 0

========================================================================
Received Import Request.
  Time since last request: 0.879652 seconds.
  path: Assets/Scenes/0-floor 1.unity
  importAddress: Guid(53b41d732472f4300a3d40787f4682c1) Importer(815301076,1909f56bfc062723c751e8b465ee728b)
Start importing Assets/Scenes/0-floor 1.unity using Guid(53b41d732472f4300a3d40787f4682c1) Importer(815301076,1909f56bfc062723c751e8b465ee728b) (PreviewImporter) -> (Import Result ID: '46348b6836c17b49c03970e09f1ab4da') in 0.000349 seconds [static and dynamic dependencies]. Details - ImportResultOutputID=d58939436ccd639528dc638c4bc860c8 DependenciesID=1c6f7c19d74b2045ad26b993cdb2684d StaticDependenciesID=9e6183be142bc7ecb5b7471d04a2db67 
Number of updated asset objects reloaded before import = 0Number of asset objects unloaded after import = 0

========================================================================
Received Import Request.
  Time since last request: 0.993380 seconds.
  path: Assets/Scenes/0-floor 1.unity
  importAddress: Guid(53b41d732472f4300a3d40787f4682c1) Importer(2089858483,b0f066a214c2f5e87bad3c948f4d605d)
Start importing Assets/Scenes/0-floor 1.unity using Guid(53b41d732472f4300a3d40787f4682c1) Importer(2089858483,b0f066a214c2f5e87bad3c948f4d605d) (ScriptedImporter) -> (Import Result ID: '15e547287c8925522edd14d277ff5716') in 0.003574791 seconds [static and dynamic dependencies]. Details - ImportResultOutputID=27458224cc19453b60d8369b7961e7a1 DependenciesID=abe0559a67fb314b948ca572a6e61564 StaticDependenciesID=4b081e37075b0027f4b9d007af53b1bf 
Number of updated asset objects reloaded before import = 0Number of asset objects unloaded after import = 1

========================================================================
Received Import Request.
  Time since last request: 19.847075 seconds.
  path: Assets/Scenes/1-ball.unity
  importAddress: Guid(53b41d732472f4300a3d40787f4682c1) Importer(815301076,1909f56bfc062723c751e8b465ee728b)
Start importing Assets/Scenes/1-ball.unity using Guid(53b41d732472f4300a3d40787f4682c1) Importer(815301076,1909f56bfc062723c751e8b465ee728b) (PreviewImporter) -> (Import Result ID: '5ac2877b4045cbddcae446bacc8e1840') in 0.000273958 seconds [static and dynamic dependencies]. Details - ImportResultOutputID=d58939436ccd639528dc638c4bc860c8 DependenciesID=39bb5abbae2850770b59504e02861ef7 StaticDependenciesID=7b5ce2a2d3231af27ad6c56670c1ee72 
Number of updated asset objects reloaded before import = 0Number of asset objects unloaded after import = 0

========================================================================
Received Import Request.
  Time since last request: 0.988001 seconds.
  path: Assets/Scenes/1-ball.unity
  importAddress: Guid(53b41d732472f4300a3d40787f4682c1) Importer(2089858483,b0f066a214c2f5e87bad3c948f4d605d)
Start importing Assets/Scenes/1-ball.unity using Guid(53b41d732472f4300a3d40787f4682c1) Importer(2089858483,b0f066a214c2f5e87bad3c948f4d605d) (ScriptedImporter) -> (Import Result ID: '259874c7026340cd961b1c1d8fe1ab89') in 0.002019667 seconds [static and dynamic dependencies]. Details - ImportResultOutputID=c12e5686d126501c57174f26d13527ec DependenciesID=97c9bb053dac92e431cb4f0cb32498de StaticDependenciesID=2d11d116be5a94b2ed7fdbeff2e3685f 
Number of updated asset objects reloaded before import = 0Number of asset objects unloaded after import = 1

========================================================================
Received Import Request.
  Time since last request: 89.449585 seconds.
  path: Assets/Scenes/1-ball.unity
  importAddress: Guid(53b41d732472f4300a3d40787f4682c1) Importer(2089858483,b0f066a214c2f5e87bad3c948f4d605d)
Start importing Assets/Scenes/1-ball.unity using Guid(53b41d732472f4300a3d40787f4682c1) Importer(2089858483,b0f066a214c2f5e87bad3c948f4d605d) (ScriptedImporter) -> (Import Result ID: '775d98fd495f2cc7181d8b8d73984849') in 0.002226958 seconds [static and dynamic dependencies]. Details - ImportResultOutputID=ad9bf563b8993948029335f6f4e108af DependenciesID=eaa1cbf0d1d2a45aa38fc577e592afa8 StaticDependenciesID=c0b399fb65d0cf619c645bb77ce1db8e 
Number of updated asset objects reloaded before import = 0Number of asset objects unloaded after import = 1

========================================================================
Received Import Request.
  Time since last request: 37.875487 seconds.
  path: Assets/Scenes/1-ball.unity
  importAddress: Guid(53b41d732472f4300a3d40787f4682c1) Importer(815301076,1909f56bfc062723c751e8b465ee728b)
Start importing Assets/Scenes/1-ball.unity using Guid(53b41d732472f4300a3d40787f4682c1) Importer(815301076,1909f56bfc062723c751e8b465ee728b) (PreviewImporter) -> (Import Result ID: 'bd8e2af1005ba87c6fcfbcc4f9ebbf53') in 0.000803375 seconds [static and dynamic dependencies]. Details - ImportResultOutputID=d58939436ccd639528dc638c4bc860c8 DependenciesID=b07d0a9e7ba6d042466c3e0a01e05e65 StaticDependenciesID=a6abdc2687320d79edb604a16df364a1 
Number of updated asset objects reloaded before import = 0Number of asset objects unloaded after import = 0

========================================================================
Received Import Request.
  Time since last request: 0.921987 seconds.
  path: Assets/Scenes/1-ball 1.unity
  importAddress: Guid(fe35876ccf82c4eb4b2acaac95301767) Importer(815301076,1909f56bfc062723c751e8b465ee728b)
Start importing Assets/Scenes/1-ball 1.unity using Guid(fe35876ccf82c4eb4b2acaac95301767) Importer(815301076,1909f56bfc062723c751e8b465ee728b) (PreviewImporter) -> (Import Result ID: '4a9057934946b32d17f09f31cb4c0a1c') in 0.000324917 seconds [static and dynamic dependencies]. Details - ImportResultOutputID=adf3576f9ddff5f70be65852503d529c DependenciesID=010501b12ac026aa80f072abae0f9a29 StaticDependenciesID=b03e1c0abd7566ef04ac4a0de27cc5d3 
Number of updated asset objects reloaded before import = 0Number of asset objects unloaded after import = 0

========================================================================
Received Import Request.
  Time since last request: 0.993516 seconds.
  path: Assets/Scenes/1-ball 1.unity
  importAddress: Guid(fe35876ccf82c4eb4b2acaac95301767) Importer(2089858483,b0f066a214c2f5e87bad3c948f4d605d)
Start importing Assets/Scenes/1-ball 1.unity using Guid(fe35876ccf82c4eb4b2acaac95301767) Importer(2089858483,b0f066a214c2f5e87bad3c948f4d605d) (ScriptedImporter) -> (Import Result ID: 'eb1b0328d70e64520b954f2b1b19137a') in 0.002034875 seconds [static and dynamic dependencies]. Details - ImportResultOutputID=a645861cfebbbe8b4f80eef13d5e1879 DependenciesID=bace2d0b2d2c8219d16608a2883c8dc5 StaticDependenciesID=a0b0143b0b51c837cb8aa8c5944c2dbd 
Number of updated asset objects reloaded before import = 0Number of asset objects unloaded after import = 1

========================================================================
Received Import Request.
  Time since last request: 4.250438 seconds.
  path: Assets/Scenes/2-colors.unity
  importAddress: Guid(fe35876ccf82c4eb4b2acaac95301767) Importer(815301076,1909f56bfc062723c751e8b465ee728b)
Start importing Assets/Scenes/2-colors.unity using Guid(fe35876ccf82c4eb4b2acaac95301767) Importer(815301076,1909f56bfc062723c751e8b465ee728b) (PreviewImporter) -> (Import Result ID: '8c9ecdc11002f14ee37fee04631a557c') in 0.000225375 seconds [static and dynamic dependencies]. Details - ImportResultOutputID=adf3576f9ddff5f70be65852503d529c DependenciesID=0b2560c58d05e5a3b877d1571a034b26 StaticDependenciesID=77bfc2671c04ab01a1a2f5f6acd257d8 
Number of updated asset objects reloaded before import = 0Number of asset objects unloaded after import = 0

========================================================================
Received Import Request.
  Time since last request: 0.996273 seconds.
  path: Assets/Scenes/2-colors.unity
  importAddress: Guid(fe35876ccf82c4eb4b2acaac95301767) Importer(2089858483,b0f066a214c2f5e87bad3c948f4d605d)
Start importing Assets/Scenes/2-colors.unity using Guid(fe35876ccf82c4eb4b2acaac95301767) Importer(2089858483,b0f066a214c2f5e87bad3c948f4d605d) (ScriptedImporter) -> (Import Result ID: '5bec62549410ca442c223a23c0c2bbda') in 0.001276833 seconds [static and dynamic dependencies]. Details - ImportResultOutputID=b043bafe81291343448c13817b8b8073 DependenciesID=ee6cf0cea1a7c5d480f785efb27a1dca StaticDependenciesID=dba0af223d44cc9e11fac02121bb759b 
Number of updated asset objects reloaded before import = 0Number of asset objects unloaded after import = 1

========================================================================
Received Import Request.
  Time since last request: 26.036347 seconds.
  path: Assets/Materia
  importAddress: Guid(25c0edae0784148639da1877fb17ac4a) Importer(2089858483,b0f066a214c2f5e87bad3c948f4d605d)
Start importing Assets/Materia using Guid(25c0edae0784148639da1877fb17ac4a) Importer(2089858483,b0f066a214c2f5e87bad3c948f4d605d) (ScriptedImporter) -> (Import Result ID: '6347c047e46b897051123492858db9b7') in 0.003137167 seconds [static and dynamic dependencies]. Details - ImportResultOutputID=7378a0794972f1741123b5c85735a436 DependenciesID=af49bc8e023b83ffac280cc1e9e64c43 StaticDependenciesID=35568dcdf676a99a7f3f1eadb676d1b5 
Number of updated asset objects reloaded before import = 0Number of asset objects unloaded after import = 1

========================================================================
Received Import Request.
  Time since last request: 0.003042 seconds.
  path: Assets/Materia
  importAddress: Guid(25c0edae0784148639da1877fb17ac4a) Importer(815301076,1909f56bfc062723c751e8b465ee728b)
Start importing Assets/Materia using Guid(25c0edae0784148639da1877fb17ac4a) Importer(815301076,1909f56bfc062723c751e8b465ee728b) (PreviewImporter) -> (Import Result ID: '8352f255a90a5e2f27d0032b8814f3dd') in 0.00033825 seconds [static and dynamic dependencies]. Details - ImportResultOutputID=be7063aa43a2a7c36278b7dcd381a6aa DependenciesID=55ba845a88d1f73de6272ff476dd5ece StaticDependenciesID=db8602816b5552389024a7968bb51055 
Number of updated asset objects reloaded before import = 0Number of asset objects unloaded after import = 0

========================================================================
Received Import Request.
  Time since last request: 7.023717 seconds.
  path: Assets/Materials
  importAddress: Guid(25c0edae0784148639da1877fb17ac4a) Importer(815301076,1909f56bfc062723c751e8b465ee728b)
Start importing Assets/Materials using Guid(25c0edae0784148639da1877fb17ac4a) Importer(815301076,1909f56bfc062723c751e8b465ee728b) (PreviewImporter) -> (Import Result ID: '6d50cfad01ccd9b0b0acc19e3c32f6af') in 0.000265584 seconds [static and dynamic dependencies]. Details - ImportResultOutputID=be7063aa43a2a7c36278b7dcd381a6aa DependenciesID=cf08e58015995eb647a3d556066dc469 StaticDependenciesID=71fdd7ee7fbb8ec19d847cb4167c8f54 
Number of updated asset objects reloaded before import = 0Number of asset objects unloaded after import = 0

========================================================================
Received Import Request.
  Time since last request: 2.041880 seconds.
  path: Assets/Materials
  importAddress: Guid(25c0edae0784148639da1877fb17ac4a) Importer(2089858483,b0f066a214c2f5e87bad3c948f4d605d)
Start importing Assets/Materials using Guid(25c0edae0784148639da1877fb17ac4a) Importer(2089858483,b0f066a214c2f5e87bad3c948f4d605d) (ScriptedImporter) -> (Import Result ID: 'a9fe3a8b03ff770728c1de6fa97da0da') in 0.003663417 seconds [static and dynamic dependencies]. Details - ImportResultOutputID=f0d1f249b0aaee0cea7bf57ed242eaa3 DependenciesID=530697d43a5ed26e03b17912e8463811 StaticDependenciesID=96c61ae35806af1a650c3658c73150d7 
Number of updated asset objects reloaded before import = 0Number of asset objects unloaded after import = 1

========================================================================
Received Import Request.
  Time since last request: 49.760590 seconds.
  path: Assets/Materials/Floor.mat
  importAddress: Guid(a3edee6abb286464e9e369c2e572e15c) Importer(2089858483,b0f066a214c2f5e87bad3c948f4d605d)
Start importing Assets/Materials/Floor.mat using Guid(a3edee6abb286464e9e369c2e572e15c) Importer(2089858483,b0f066a214c2f5e87bad3c948f4d605d) (ScriptedImporter) -> (Import Result ID: 'ffc7b68e100cc3c7b6b6ea1df18651ad') in 0.070859917 seconds [static and dynamic dependencies]. Details - ImportResultOutputID=60d0603f67389dd7a25b9070152e4905 DependenciesID=dbf6d8b7e34e2206f4ee1514cd4617e5 StaticDependenciesID=4f8f409c81aaf16ab6bf28ebc6a336d3 
Number of updated asset objects reloaded before import = 0Number of asset objects unloaded after import = 1

========================================================================
Received Import Request.
  Time since last request: 12.461466 seconds.
  path: Assets/Materials/floor.mat
  importAddress: Guid(a3edee6abb286464e9e369c2e572e15c) Importer(2089858483,b0f066a214c2f5e87bad3c948f4d605d)
Start importing Assets/Materials/floor.mat using Guid(a3edee6abb286464e9e369c2e572e15c) Importer(2089858483,b0f066a214c2f5e87bad3c948f4d605d) (ScriptedImporter) -> (Import Result ID: '4148bf1d5a538712c73a2e6a02c35ef2') in 0.005576375 seconds [static and dynamic dependencies]. Details - ImportResultOutputID=869c3a5e9e466ee06163baa2d3530781 DependenciesID=15e4148e6080c222ebbd9d97d53788e5 StaticDependenciesID=2aa71a8ac1b2946e78f2e82258df3e77 
Number of updated asset objects reloaded before import = 0Number of asset objects unloaded after import = 1

========================================================================
Received Import Request.
  Time since last request: 112.395385 seconds.
  path: Assets/Materials/floor.mat
  importAddress: Guid(a3edee6abb286464e9e369c2e572e15c) Importer(2089858483,b0f066a214c2f5e87bad3c948f4d605d)
Start importing Assets/Materials/floor.mat using Guid(a3edee6abb286464e9e369c2e572e15c) Importer(2089858483,b0f066a214c2f5e87bad3c948f4d605d) (ScriptedImporter) -> (Import Result ID: '29a4359b2867a6f83576b4ca02e49e2a') in 0.009756 seconds [static and dynamic dependencies]. Details - ImportResultOutputID=226dc85443e45cfcb0c1728a25e3b37f DependenciesID=585e388a1d9aefc8f0f5e0d422856531 StaticDependenciesID=00ca0680a2d7029e30983e57d726904b 
Number of updated asset objects reloaded before import = 0Number of asset objects unloaded after import = 1

========================================================================
Received Import Request.
  Time since last request: 16.531225 seconds.
  path: Assets/Materials/ball.mat
  importAddress: Guid(410c3ba6786204f3d84d6b8d0b1a7da5) Importer(2089858483,b0f066a214c2f5e87bad3c948f4d605d)
Start importing Assets/Materials/ball.mat using Guid(410c3ba6786204f3d84d6b8d0b1a7da5) Importer(2089858483,b0f066a214c2f5e87bad3c948f4d605d) (ScriptedImporter) -> (Import Result ID: '6cf376b3a1c5738eadfa82c600ec6bb8') in 0.002336375 seconds [static and dynamic dependencies]. Details - ImportResultOutputID=9cf908d892511a15055625392a422537 DependenciesID=dbc08262a9d5072184659433a7e9d6ce StaticDependenciesID=1ce8f1c57b01b8ff56dab3df31f6eb7e 
Number of updated asset objects reloaded before import = 0Number of asset objects unloaded after import = 1

========================================================================
Received Import Request.
  Time since last request: 30.350797 seconds.
  path: Assets/Scenes/2-colors 1.unity
  importAddress: Guid(fe6f1d4b2d47d4135b0290ab8ccbb19b) Importer(815301076,1909f56bfc062723c751e8b465ee728b)
Start importing Assets/Scenes/2-colors 1.unity using Guid(fe6f1d4b2d47d4135b0290ab8ccbb19b) Importer(815301076,1909f56bfc062723c751e8b465ee728b) (PreviewImporter) -> (Import Result ID: '1f7528f44f0a3680ef3b89b1bc412b70') in 0.000475834 seconds [static and dynamic dependencies]. Details - ImportResultOutputID=90042fa8da4f1ac17b06995f1aa020ab DependenciesID=f0c9aed102054ece147403dfe6a47cc7 StaticDependenciesID=21f602b11e07c8e6206cc3d4efc6fe8a 
Number of updated asset objects reloaded before import = 0Number of asset objects unloaded after import = 0

========================================================================
Received Import Request.
  Time since last request: 0.995620 seconds.
  path: Assets/Scenes/2-colors 1.unity
  importAddress: Guid(fe6f1d4b2d47d4135b0290ab8ccbb19b) Importer(2089858483,b0f066a214c2f5e87bad3c948f4d605d)
Start importing Assets/Scenes/2-colors 1.unity using Guid(fe6f1d4b2d47d4135b0290ab8ccbb19b) Importer(2089858483,b0f066a214c2f5e87bad3c948f4d605d) (ScriptedImporter) -> (Import Result ID: 'f34fbec2f0bbb0001bd2151d33fb4ff9') in 0.002238833 seconds [static and dynamic dependencies]. Details - ImportResultOutputID=962b236ec4c1fad1ce265bd8f58ee6d1 DependenciesID=b34bafc5778e013c589929aa1abd5098 StaticDependenciesID=4fecad5c63e178816edc4f10e831f0f1 
Number of updated asset objects reloaded before import = 0Number of asset objects unloaded after import = 1

========================================================================
Received Import Request.
  Time since last request: 21.630929 seconds.
  path: Assets/Scenes/2-colors.unity
  importAddress: Guid(fe35876ccf82c4eb4b2acaac95301767) Importer(2089858483,b0f066a214c2f5e87bad3c948f4d605d)
Start importing Assets/Scenes/2-colors.unity using Guid(fe35876ccf82c4eb4b2acaac95301767) Importer(2089858483,b0f066a214c2f5e87bad3c948f4d605d) (ScriptedImporter) -> (Import Result ID: 'efb9b9f8269ce6e1adb94b031beaf170') in 0.002198792 seconds [static and dynamic dependencies]. Details - ImportResultOutputID=f6690df53158e59a488ac834248e9961 DependenciesID=bd4ea97e823805e5ebf2d0c0cc6a719f StaticDependenciesID=6df10552af02dd38edc2f26b3f73a0cb 
Number of updated asset objects reloaded before import = 0Number of asset objects unloaded after import = 1

========================================================================
Received Import Request.
  Time since last request: 27.317426 seconds.
  path: Assets/Scenes/3-gravity.unity
  importAddress: Guid(fe6f1d4b2d47d4135b0290ab8ccbb19b) Importer(815301076,1909f56bfc062723c751e8b465ee728b)
Start importing Assets/Scenes/3-gravity.unity using Guid(fe6f1d4b2d47d4135b0290ab8ccbb19b) Importer(815301076,1909f56bfc062723c751e8b465ee728b) (PreviewImporter) -> (Import Result ID: '908e0dede9bdb6900ff60c35f2bc885f') in 0.000474958 seconds [static and dynamic dependencies]. Details - ImportResultOutputID=90042fa8da4f1ac17b06995f1aa020ab DependenciesID=0256c1c5ff53c534adab65813510c844 StaticDependenciesID=3b78b07a73ab56ad2b1c5cf519455c86 
Number of updated asset objects reloaded before import = 0Number of asset objects unloaded after import = 0

========================================================================
Received Import Request.
  Time since last request: 0.996007 seconds.
  path: Assets/Scenes/3-gravity.unity
  importAddress: Guid(fe6f1d4b2d47d4135b0290ab8ccbb19b) Importer(2089858483,b0f066a214c2f5e87bad3c948f4d605d)
Start importing Assets/Scenes/3-gravity.unity using Guid(fe6f1d4b2d47d4135b0290ab8ccbb19b) Importer(2089858483,b0f066a214c2f5e87bad3c948f4d605d) (ScriptedImporter) -> (Import Result ID: '512dd6a28b700a40fdfc528cca817d51') in 0.002208125 seconds [static and dynamic dependencies]. Details - ImportResultOutputID=883c9347b0fa0aa9241d4a21a3dc7508 DependenciesID=51eb56417fcc021b17287b7d2974625b StaticDependenciesID=7c0d74c0fcd15b89c312f322e95a1036 
Number of updated asset objects reloaded before import = 0Number of asset objects unloaded after import = 1

========================================================================
Received Import Request.
  Time since last request: 25.475850 seconds.
  path: Assets/Scenes/2-colors.unity
  importAddress: Guid(fe35876ccf82c4eb4b2acaac95301767) Importer(815301076,1909f56bfc062723c751e8b465ee728b)
Start importing Assets/Scenes/2-colors.unity using Guid(fe35876ccf82c4eb4b2acaac95301767) Importer(815301076,1909f56bfc062723c751e8b465ee728b) (PreviewImporter) -> (Import Result ID: '45c3356f39ce8dae148060625b029f1a') in 0.00025725 seconds [static and dynamic dependencies]. Details - ImportResultOutputID=adf3576f9ddff5f70be65852503d529c DependenciesID=82e1a64b732d707a8d3bf076c6266c8e StaticDependenciesID=af7f5136b45916b21d6d439a2ba1e6a3 
Number of updated asset objects reloaded before import = 0Number of asset objects unloaded after import = 0

========================================================================
Received Import Request.
  Time since last request: 13.514115 seconds.
  path: Assets/Scenes/2-colors 1.unity
  importAddress: Guid(25caa3282d6114a08a31580c755027f1) Importer(815301076,1909f56bfc062723c751e8b465ee728b)
Start importing Assets/Scenes/2-colors 1.unity using Guid(25caa3282d6114a08a31580c755027f1) Importer(815301076,1909f56bfc062723c751e8b465ee728b) (PreviewImporter) -> (Import Result ID: 'c3b0b61114379511e823e409917a6138') in 0.000361167 seconds [static and dynamic dependencies]. Details - ImportResultOutputID=61c0725aed1a3a3082bee31aef6f60b0 DependenciesID=5294625962b39308bb5b672106884756 StaticDependenciesID=56578837d47a76365f6dd54d35ab0a1f 
Number of updated asset objects reloaded before import = 0Number of asset objects unloaded after import = 0

========================================================================
Received Import Request.
  Time since last request: 0.996462 seconds.
  path: Assets/Scenes/2-colors 1.unity
  importAddress: Guid(25caa3282d6114a08a31580c755027f1) Importer(2089858483,b0f066a214c2f5e87bad3c948f4d605d)
Start importing Assets/Scenes/2-colors 1.unity using Guid(25caa3282d6114a08a31580c755027f1) Importer(2089858483,b0f066a214c2f5e87bad3c948f4d605d) (ScriptedImporter) -> (Import Result ID: 'e5d1811fa9c91ca71a9c2826f61fc549') in 0.00153025 seconds [static and dynamic dependencies]. Details - ImportResultOutputID=00ce63d63b4cf6a92b902e262ca38214 DependenciesID=cb1d5fbe15c5f4981f0b5f8f5adc6230 StaticDependenciesID=d09465e1afcd85ce2095bda0b64e7f43 
Number of updated asset objects reloaded before import = 0Number of asset objects unloaded after import = 1

========================================================================
Received Import Request.
  Time since last request: 11.863702 seconds.
  path: Assets/Scenes/3-gravity.unity
  importAddress: Guid(25caa3282d6114a08a31580c755027f1) Importer(815301076,1909f56bfc062723c751e8b465ee728b)
Start importing Assets/Scenes/3-gravity.unity using Guid(25caa3282d6114a08a31580c755027f1) Importer(815301076,1909f56bfc062723c751e8b465ee728b) (PreviewImporter) -> (Import Result ID: 'fd6dff0f9b944c3b8f435e81ad78afbc') in 0.000267917 seconds [static and dynamic dependencies]. Details - ImportResultOutputID=61c0725aed1a3a3082bee31aef6f60b0 DependenciesID=2f78678951e04be814b76e3daf2e4416 StaticDependenciesID=612fd6a0e2d88a84ea956bfe49179eb4 
Number of updated asset objects reloaded before import = 0Number of asset objects unloaded after import = 0

========================================================================
Received Import Request.
  Time since last request: 0.994790 seconds.
  path: Assets/Scenes/3-gravity.unity
  importAddress: Guid(25caa3282d6114a08a31580c755027f1) Importer(2089858483,b0f066a214c2f5e87bad3c948f4d605d)
Start importing Assets/Scenes/3-gravity.unity using Guid(25caa3282d6114a08a31580c755027f1) Importer(2089858483,b0f066a214c2f5e87bad3c948f4d605d) (ScriptedImporter) -> (Import Result ID: '3d96e192dd8e19a2b54e3617ac749b2a') in 0.001358 seconds [static and dynamic dependencies]. Details - ImportResultOutputID=5e8a25d3fed2d062b873cd5efe6c1d1c DependenciesID=cf763af2a622fef697bca42f7bde260e StaticDependenciesID=51e6d495156218788a5b1cf0c490b621 
Number of updated asset objects reloaded before import = 0Number of asset objects unloaded after import = 1

========================================================================
Received Prepare
Begin MonoManager ReloadAssembly
[Licensing::Client] Successfully resolved entitlement details
Thread 0x16cf77000 may have been prematurely finalized
Assembly Assembly-CSharp-Editor-firstpass.dll at Library/ScriptAssemblies/Assembly-CSharp-Editor-firstpass.dll not valid. Loading of assembly skipped.
Assembly Assembly-CSharp-Editor.dll at Library/ScriptAssemblies/Assembly-CSharp-Editor.dll not valid. Loading of assembly skipped.
Assembly Assembly-CSharp-firstpass.dll at Library/ScriptAssemblies/Assembly-CSharp-firstpass.dll not valid. Loading of assembly skipped.
Assembly Assembly-CSharp.dll at Library/ScriptAssemblies/Assembly-CSharp.dll not valid. Loading of assembly skipped.
Assembly Unity.Multiplayer.Center.Editor.Tests.dll at Library/ScriptAssemblies/Unity.Multiplayer.Center.Editor.Tests.dll not valid. Loading of assembly skipped.
Assembly Unity.Multiplayer.Center.Tests.dll at Library/ScriptAssemblies/Unity.Multiplayer.Center.Tests.dll not valid. Loading of assembly skipped.
Native extension for OSXStandalone target not found
Native extension for WebGL target not found
[Package Manager] Failed to launch server process. Reason: Unity was launched with the -noUpm command-line argument
[Package Manager] Unable to send message (not connected to server process).
[Package Manager] Cannot connect to Unity Package Manager local server
ScheduleIndexationOnStartup MainProcess:False IndexOnStartup:True
Mono: successfully reloaded assembly
- Finished resetting the current domain, in  0.211 seconds
Domain Reload Profiling: 377ms
	BeginReloadAssembly (104ms)
		DisableScriptedObjects (4ms)
		CreateAndSetChildDomain (16ms)
	RebuildCommonClasses (24ms)
	RebuildNativeTypeToScriptingClass (9ms)
	initialDomainReloadingComplete (18ms)
	LoadAllAssembliesAndSetupDomain (11ms)
		LoadAssemblies (54ms)
		AnalyzeDomain (5ms)
			TypeCache.Refresh (3ms)
	FinalizeReload (211ms)
		SetupLoadedEditorAssemblies (0ms)
			BeforeProcessingInitializeOnLoad (56ms)
			ProcessInitializeOnLoadAttributes (53ms)
			ProcessInitializeOnLoadMethodAttributes (30ms)
Unloading 0 Unused Serialized files (Serialized files now loaded: 0)
Unloading 62 unused Assets / (1.0 KB). Loaded Objects now: 667.
Memory consumption went from 67.5 MB to 67.5 MB.
Total: 3.205709 ms (FindLiveObjects: 0.021917 ms CreateObjectMapping: 0.004958 ms MarkObjects: 3.156917 ms  DeleteObjects: 0.021750 ms)

Prepare: number of updated asset objects reloaded= 0
========================================================================
Received Import Request.
  Time since last request: 113.441604 seconds.
  path: Assets/Physic
  importAddress: Guid(119eee66207fd405fbab517c9be4685d) Importer(2089858483,b0f066a214c2f5e87bad3c948f4d605d)
Start importing Assets/Physic using Guid(119eee66207fd405fbab517c9be4685d) Importer(2089858483,b0f066a214c2f5e87bad3c948f4d605d) (ScriptedImporter) -> (Import Result ID: '4c1e8ae5f6e9883851f5d205361b2a25') in 0.050697458 seconds [static and dynamic dependencies]. Details - ImportResultOutputID=f7d0d700b38b93da65dcae76d37d3975 DependenciesID=584e77e36d3f586736e23a9d5fe774cf StaticDependenciesID=c7a44271f584e2e805da11bb14fb07bf 
Number of updated asset objects reloaded before import = 0Number of asset objects unloaded after import = 1

========================================================================
Received Import Request.
  Time since last request: 2.192715 seconds.
  path: Assets/Physic
  importAddress: Guid(119eee66207fd405fbab517c9be4685d) Importer(815301076,1909f56bfc062723c751e8b465ee728b)
Start importing Assets/Physic using Guid(119eee66207fd405fbab517c9be4685d) Importer(815301076,1909f56bfc062723c751e8b465ee728b) (PreviewImporter) -> (Import Result ID: 'a2a05b243fc654cfcce7d6d421840789') in 0.000342458 seconds [static and dynamic dependencies]. Details - ImportResultOutputID=dae110404af60616690ddf8642c97855 DependenciesID=f5f501116458b24a825c8e589b339c67 StaticDependenciesID=5992a7e982adddeda118ddec0083df1c 
Number of updated asset objects reloaded before import = 0Number of asset objects unloaded after import = 0

========================================================================
Received Import Request.
  Time since last request: 5.979368 seconds.
  path: Assets/Physic Materials
  importAddress: Guid(119eee66207fd405fbab517c9be4685d) Importer(815301076,1909f56bfc062723c751e8b465ee728b)
Start importing Assets/Physic Materials using Guid(119eee66207fd405fbab517c9be4685d) Importer(815301076,1909f56bfc062723c751e8b465ee728b) (PreviewImporter) -> (Import Result ID: 'ff21a618882ef6e66683fdcbd8c246cb') in 0.000254375 seconds [static and dynamic dependencies]. Details - ImportResultOutputID=dae110404af60616690ddf8642c97855 DependenciesID=6c7f7c8014c57cfdfd56481eb713b4e0 StaticDependenciesID=7f53ef999e139196c22a3ef3343962a4 
Number of updated asset objects reloaded before import = 0Number of asset objects unloaded after import = 0

========================================================================
Received Import Request.
  Time since last request: 0.993124 seconds.
  path: Assets/Physic Materials
  importAddress: Guid(119eee66207fd405fbab517c9be4685d) Importer(2089858483,b0f066a214c2f5e87bad3c948f4d605d)
Start importing Assets/Physic Materials using Guid(119eee66207fd405fbab517c9be4685d) Importer(2089858483,b0f066a214c2f5e87bad3c948f4d605d) (ScriptedImporter) -> (Import Result ID: '77078d10b8199e15475f955c5ad6feb6') in 0.001551292 seconds [static and dynamic dependencies]. Details - ImportResultOutputID=c8a5ef670b7780b057681469e04d007f DependenciesID=2ec2f4f3af22c6d9854e0bf18a7d731b StaticDependenciesID=8479f86c242df221caea3b7bfcd9b8e9 
Number of updated asset objects reloaded before import = 0Number of asset objects unloaded after import = 1

========================================================================
Received Import Request.
  Time since last request: 18.735239 seconds.
  path: Assets/Physic Materials/B.physicMaterial
  importAddress: Guid(3be87b451d60d46748b19369332cab62) Importer(815301076,1909f56bfc062723c751e8b465ee728b)
Start importing Assets/Physic Materials/B.physicMaterial using Guid(3be87b451d60d46748b19369332cab62) Importer(815301076,1909f56bfc062723c751e8b465ee728b) (PreviewImporter) -> (Import Result ID: 'a8ffefc69266d97214705137bc721b09') in 0.0174705 seconds [static and dynamic dependencies]. Details - ImportResultOutputID=2ee845707b504a0465a8b517003b7c81 DependenciesID=79c0e15e01272317ece16a47b3d9f253 StaticDependenciesID=b01137738d8199f44808ed4c1e4e1d8f 
Number of updated asset objects reloaded before import = 0Number of asset objects unloaded after import = 1

========================================================================
Received Import Request.
  Time since last request: 0.977884 seconds.
  path: Assets/Physic Materials/B.physicMaterial
  importAddress: Guid(3be87b451d60d46748b19369332cab62) Importer(2089858483,b0f066a214c2f5e87bad3c948f4d605d)
Start importing Assets/Physic Materials/B.physicMaterial using Guid(3be87b451d60d46748b19369332cab62) Importer(2089858483,b0f066a214c2f5e87bad3c948f4d605d) (ScriptedImporter) -> (Import Result ID: '378d560ecfdaccf9f933b4f87ad1c4cc') in 0.045760709 seconds [static and dynamic dependencies]. Details - ImportResultOutputID=318b1ce3e4740584ed4cc4ffad52007a DependenciesID=c1d9d1802259b8ae380120f4c641ea7a StaticDependenciesID=7fccf4607a0079374f53ff4222eb88f8 
Number of updated asset objects reloaded before import = 0Number of asset objects unloaded after import = 1

========================================================================
Received Import Request.
  Time since last request: 5.620721 seconds.
  path: Assets/Physic Materials/bounce.physicMaterial
  importAddress: Guid(3be87b451d60d46748b19369332cab62) Importer(815301076,1909f56bfc062723c751e8b465ee728b)
Start importing Assets/Physic Materials/bounce.physicMaterial using Guid(3be87b451d60d46748b19369332cab62) Importer(815301076,1909f56bfc062723c751e8b465ee728b) (PreviewImporter) -> (Import Result ID: 'd046d385a67c0b0cd764c95ecf2a021d') in 0.000516208 seconds [static and dynamic dependencies]. Details - ImportResultOutputID=2ee845707b504a0465a8b517003b7c81 DependenciesID=dfaa11af55139d5bc75e827fe8f628d6 StaticDependenciesID=72d5d2e2605b4cbc30755cfe47759543 
Number of updated asset objects reloaded before import = 0Number of asset objects unloaded after import = 1

========================================================================
Received Import Request.
  Time since last request: 1.872824 seconds.
  path: Assets/Physic Materials/bounce.physicMaterial
  importAddress: Guid(3be87b451d60d46748b19369332cab62) Importer(2089858483,b0f066a214c2f5e87bad3c948f4d605d)
Start importing Assets/Physic Materials/bounce.physicMaterial using Guid(3be87b451d60d46748b19369332cab62) Importer(2089858483,b0f066a214c2f5e87bad3c948f4d605d) (ScriptedImporter) -> (Import Result ID: '81fb53d7c7e14219c554406172f7d30b') in 0.004249417 seconds [static and dynamic dependencies]. Details - ImportResultOutputID=f273f153069d6e55170008619e4bd425 DependenciesID=9e7801b022b45c0ac67356f314d326c6 StaticDependenciesID=9ffc481c27c013a7ba04a3d78ffe16d5 
Number of updated asset objects reloaded before import = 0Number of asset objects unloaded after import = 1

========================================================================
Received Prepare
Begin MonoManager ReloadAssembly
[Licensing::Client] Successfully resolved entitlement details
Thread 0x16b533000 may have been prematurely finalized
Assembly Assembly-CSharp-Editor-firstpass.dll at Library/ScriptAssemblies/Assembly-CSharp-Editor-firstpass.dll not valid. Loading of assembly skipped.
Assembly Assembly-CSharp-Editor.dll at Library/ScriptAssemblies/Assembly-CSharp-Editor.dll not valid. Loading of assembly skipped.
Assembly Assembly-CSharp-firstpass.dll at Library/ScriptAssemblies/Assembly-CSharp-firstpass.dll not valid. Loading of assembly skipped.
Assembly Assembly-CSharp.dll at Library/ScriptAssemblies/Assembly-CSharp.dll not valid. Loading of assembly skipped.
Assembly Unity.Multiplayer.Center.Editor.Tests.dll at Library/ScriptAssemblies/Unity.Multiplayer.Center.Editor.Tests.dll not valid. Loading of assembly skipped.
Assembly Unity.Multiplayer.Center.Tests.dll at Library/ScriptAssemblies/Unity.Multiplayer.Center.Tests.dll not valid. Loading of assembly skipped.
Native extension for OSXStandalone target not found
Native extension for WebGL target not found
[Package Manager] Failed to launch server process. Reason: Unity was launched with the -noUpm command-line argument
[Package Manager] Unable to send message (not connected to server process).
[Package Manager] Cannot connect to Unity Package Manager local server
ScheduleIndexationOnStartup MainProcess:False IndexOnStartup:True
Mono: successfully reloaded assembly
- Finished resetting the current domain, in  0.186 seconds
Domain Reload Profiling: 395ms
	BeginReloadAssembly (125ms)
		DisableScriptedObjects (8ms)
		CreateAndSetChildDomain (28ms)
	RebuildCommonClasses (23ms)
	RebuildNativeTypeToScriptingClass (10ms)
	initialDomainReloadingComplete (25ms)
	LoadAllAssembliesAndSetupDomain (26ms)
		LoadAssemblies (57ms)
		AnalyzeDomain (16ms)
			TypeCache.Refresh (3ms)
	FinalizeReload (187ms)
		SetupLoadedEditorAssemblies (0ms)
			BeforeProcessingInitializeOnLoad (49ms)
			ProcessInitializeOnLoadAttributes (46ms)
			ProcessInitializeOnLoadMethodAttributes (22ms)
Unloading 0 Unused Serialized files (Serialized files now loaded: 0)
Unloading 62 unused Assets / (1.0 KB). Loaded Objects now: 668.
Memory consumption went from 66.7 MB to 66.7 MB.
Total: 3.626000 ms (FindLiveObjects: 0.026625 ms CreateObjectMapping: 0.004750 ms MarkObjects: 3.545916 ms  DeleteObjects: 0.048542 ms)

Prepare: number of updated asset objects reloaded= 0
========================================================================
Received Import Request.
  Time since last request: 191.964719 seconds.
  path: Assets/Physic Materials/bounce.physicMaterial
  importAddress: Guid(3be87b451d60d46748b19369332cab62) Importer(815301076,1909f56bfc062723c751e8b465ee728b)
Start importing Assets/Physic Materials/bounce.physicMaterial using Guid(3be87b451d60d46748b19369332cab62) Importer(815301076,1909f56bfc062723c751e8b465ee728b) (PreviewImporter) -> (Import Result ID: '83562dc6232f1920b1c569357bd80ec4') in 0.018444792 seconds [static and dynamic dependencies]. Details - ImportResultOutputID=2ee845707b504a0465a8b517003b7c81 DependenciesID=9c66d0174997b2ccd9454989cbef4a78 StaticDependenciesID=a30f6240befe4b45844f2f397fb848db 
Number of updated asset objects reloaded before import = 0Number of asset objects unloaded after import = 1

========================================================================
Received Import Request.
  Time since last request: 114.754930 seconds.
  path: Assets/Scenes/3-gravity.unity
  importAddress: Guid(25caa3282d6114a08a31580c755027f1) Importer(815301076,1909f56bfc062723c751e8b465ee728b)
Start importing Assets/Scenes/3-gravity.unity using Guid(25caa3282d6114a08a31580c755027f1) Importer(815301076,1909f56bfc062723c751e8b465ee728b) (PreviewImporter) -> (Import Result ID: 'f1e4a3af3e1147a25017d6aece24703c') in 0.001353334 seconds [static and dynamic dependencies]. Details - ImportResultOutputID=61c0725aed1a3a3082bee31aef6f60b0 DependenciesID=747e15699d55b7b7ac2f885aa03f824f StaticDependenciesID=22e71fdbdc532a2ba0967e4e8bbef22e 
Number of updated asset objects reloaded before import = 0Number of asset objects unloaded after import = 0

========================================================================
Received Import Request.
  Time since last request: 1.751428 seconds.
  path: Assets/Scenes/3-gravity 1.unity
  importAddress: Guid(6e27aa59924a842b18241842ff022c76) Importer(815301076,1909f56bfc062723c751e8b465ee728b)
Start importing Assets/Scenes/3-gravity 1.unity using Guid(6e27aa59924a842b18241842ff022c76) Importer(815301076,1909f56bfc062723c751e8b465ee728b) (PreviewImporter) -> (Import Result ID: 'b126d96ab815ab13bb284cd78fc8c1eb') in 0.000510292 seconds [static and dynamic dependencies]. Details - ImportResultOutputID=3280f2a8ae2be5af03ae4d65e96a7ecf DependenciesID=a5a4e50575781cb89a7a13b6eb03b2fd StaticDependenciesID=7de7a2ed59b1e6e7ee0986f0b7c1e2a1 
Number of updated asset objects reloaded before import = 0Number of asset objects unloaded after import = 0

========================================================================
Received Import Request.
  Time since last request: 11.844616 seconds.
  path: Assets/Physic Materials/bounce.physicMaterial
  importAddress: Guid(3be87b451d60d46748b19369332cab62) Importer(2089858483,b0f066a214c2f5e87bad3c948f4d605d)
Start importing Assets/Physic Materials/bounce.physicMaterial using Guid(3be87b451d60d46748b19369332cab62) Importer(2089858483,b0f066a214c2f5e87bad3c948f4d605d) (ScriptedImporter) -> (Import Result ID: 'd3f785e11bf88505d0834e335abf24d6') in 0.082976708 seconds [static and dynamic dependencies]. Details - ImportResultOutputID=71a3540484d04a65249a42306c9a5071 DependenciesID=53d19ddf6cf687e5120c4fad144e5063 StaticDependenciesID=17f39bc82157552ca098d3aa2edd4b66 
Number of updated asset objects reloaded before import = 0Number of asset objects unloaded after import = 1

========================================================================
Received Import Request.
  Time since last request: 1.156121 seconds.
  path: Assets/Scenes/4-prefab.unity
  importAddress: Guid(6e27aa59924a842b18241842ff022c76) Importer(815301076,1909f56bfc062723c751e8b465ee728b)
Start importing Assets/Scenes/4-prefab.unity using Guid(6e27aa59924a842b18241842ff022c76) Importer(815301076,1909f56bfc062723c751e8b465ee728b) (PreviewImporter) -> (Import Result ID: '588f75a86cb11ce2a924586fd8012397') in 0.000231667 seconds [static and dynamic dependencies]. Details - ImportResultOutputID=3280f2a8ae2be5af03ae4d65e96a7ecf DependenciesID=173be13ac0d175a8d1ece4f40d2f0066 StaticDependenciesID=3594e4dd112a38a5f3bbc42c4c60e957 
Number of updated asset objects reloaded before import = 0Number of asset objects unloaded after import = 0

========================================================================
Received Import Request.
  Time since last request: 0.995864 seconds.
  path: Assets/Scenes/4-prefab.unity
  importAddress: Guid(6e27aa59924a842b18241842ff022c76) Importer(2089858483,b0f066a214c2f5e87bad3c948f4d605d)
Start importing Assets/Scenes/4-prefab.unity using Guid(6e27aa59924a842b18241842ff022c76) Importer(2089858483,b0f066a214c2f5e87bad3c948f4d605d) (ScriptedImporter) -> (Import Result ID: '36575f10e4f0510cc396f30c734981b5') in 0.003050917 seconds [static and dynamic dependencies]. Details - ImportResultOutputID=882c00758330b31361e1434a64c1a3dc DependenciesID=e2c7ede695d3d6d801164fec6ce0847e StaticDependenciesID=4e10a2c768a3f68e9438482e3a27de05 
Number of updated asset objects reloaded before import = 0Number of asset objects unloaded after import = 1

========================================================================
Received Import Request.
  Time since last request: 17.438700 seconds.
  path: Assets/Prefabs
  importAddress: Guid(9d4da0751334e495188c16514c69848d) Importer(815301076,1909f56bfc062723c751e8b465ee728b)
Start importing Assets/Prefabs using Guid(9d4da0751334e495188c16514c69848d) Importer(815301076,1909f56bfc062723c751e8b465ee728b) (PreviewImporter) -> (Import Result ID: 'a54cd66b24271b8b0d9d24c114bfe231') in 0.000283959 seconds [static and dynamic dependencies]. Details - ImportResultOutputID=cb024d58cc571e1252e76aaefdd8fbbd DependenciesID=cbdb5634179a687eb305a129bc5d1190 StaticDependenciesID=b6c027ca6e376290197613ff9fae88df 
Number of updated asset objects reloaded before import = 0Number of asset objects unloaded after import = 0

========================================================================
Received Import Request.
  Time since last request: 0.990790 seconds.
  path: Assets/Prefabs
  importAddress: Guid(9d4da0751334e495188c16514c69848d) Importer(2089858483,b0f066a214c2f5e87bad3c948f4d605d)
Start importing Assets/Prefabs using Guid(9d4da0751334e495188c16514c69848d) Importer(2089858483,b0f066a214c2f5e87bad3c948f4d605d) (ScriptedImporter) -> (Import Result ID: '50c60953c1f52b671c6932e1e2bf6367') in 0.001692917 seconds [static and dynamic dependencies]. Details - ImportResultOutputID=7dd518e092804b363671837dde9baaaf DependenciesID=77329fcdf54284b8180e979bf28c3bfc StaticDependenciesID=387b38699d9c097ff9cb129f95b7698e 
Number of updated asset objects reloaded before import = 0Number of asset objects unloaded after import = 1

========================================================================
Received Import Request.
  Time since last request: 116.536469 seconds.
  path: Assets/Prefabs/Ball.prefab
  importAddress: Guid(dbda5d88657214f7d891de847a204803) Importer(815301076,1909f56bfc062723c751e8b465ee728b)
Start importing Assets/Prefabs/Ball.prefab using Guid(dbda5d88657214f7d891de847a204803) Importer(815301076,1909f56bfc062723c751e8b465ee728b) (PreviewImporter) -> (Import Result ID: 'a6b17495d1d6562cdcc2440fec3509de') in 0.451331625 seconds [static and dynamic dependencies]. Details - ImportResultOutputID=8eb65a6c162a2e8e7462880be775f560 DependenciesID=eb02ce066a872e9ec5cdd2590df2d34e StaticDependenciesID=42ca05aeeb349b0bf992f6b3184cf271 
Number of updated asset objects reloaded before import = 0Number of asset objects unloaded after import = 10

========================================================================
Received Import Request.
  Time since last request: 0.516640 seconds.
  path: Assets/Prefabs/Ball.prefab
  importAddress: Guid(dbda5d88657214f7d891de847a204803) Importer(2089858483,b0f066a214c2f5e87bad3c948f4d605d)
Start importing Assets/Prefabs/Ball.prefab using Guid(dbda5d88657214f7d891de847a204803) Importer(2089858483,b0f066a214c2f5e87bad3c948f4d605d) (ScriptedImporter) -> (Import Result ID: '2c2ae6357b1077069ceeb828a4b0db82') in 0.01770375 seconds [static and dynamic dependencies]. Details - ImportResultOutputID=fa3e734e8c2e42ab347c428ba1027e3f DependenciesID=217d1d4e63062f1fcf746d64dd9d7abc StaticDependenciesID=10b9fc66c0535065c6721ab1dc681dbc 
Number of updated asset objects reloaded before import = 0Number of asset objects unloaded after import = 10

========================================================================
Received Prepare
Begin MonoManager ReloadAssembly
[Licensing::Client] Successfully resolved entitlement details
Thread 0x16b533000 may have been prematurely finalized
Assembly Assembly-CSharp-Editor-firstpass.dll at Library/ScriptAssemblies/Assembly-CSharp-Editor-firstpass.dll not valid. Loading of assembly skipped.
Assembly Assembly-CSharp-Editor.dll at Library/ScriptAssemblies/Assembly-CSharp-Editor.dll not valid. Loading of assembly skipped.
Assembly Assembly-CSharp-firstpass.dll at Library/ScriptAssemblies/Assembly-CSharp-firstpass.dll not valid. Loading of assembly skipped.
Assembly Assembly-CSharp.dll at Library/ScriptAssemblies/Assembly-CSharp.dll not valid. Loading of assembly skipped.
Assembly Unity.Multiplayer.Center.Editor.Tests.dll at Library/ScriptAssemblies/Unity.Multiplayer.Center.Editor.Tests.dll not valid. Loading of assembly skipped.
Assembly Unity.Multiplayer.Center.Tests.dll at Library/ScriptAssemblies/Unity.Multiplayer.Center.Tests.dll not valid. Loading of assembly skipped.
Native extension for OSXStandalone target not found
Native extension for WebGL target not found
[Package Manager] Failed to launch server process. Reason: Unity was launched with the -noUpm command-line argument
[Package Manager] Unable to send message (not connected to server process).
[Package Manager] Cannot connect to Unity Package Manager local server
ScheduleIndexationOnStartup MainProcess:False IndexOnStartup:True
Mono: successfully reloaded assembly
- Finished resetting the current domain, in  0.183 seconds
Domain Reload Profiling: 340ms
	BeginReloadAssembly (97ms)
		DisableScriptedObjects (4ms)
		CreateAndSetChildDomain (18ms)
	RebuildCommonClasses (22ms)
	RebuildNativeTypeToScriptingClass (9ms)
	initialDomainReloadingComplete (16ms)
	LoadAllAssembliesAndSetupDomain (11ms)
		LoadAssemblies (44ms)
		AnalyzeDomain (5ms)
			TypeCache.Refresh (3ms)
	FinalizeReload (184ms)
		SetupLoadedEditorAssemblies (0ms)
			BeforeProcessingInitializeOnLoad (52ms)
			ProcessInitializeOnLoadAttributes (41ms)
			ProcessInitializeOnLoadMethodAttributes (21ms)
Unloading 0 Unused Serialized files (Serialized files now loaded: 0)
Unloading 62 unused Assets / (1.0 KB). Loaded Objects now: 675.
Memory consumption went from 67.1 MB to 67.1 MB.
Total: 3.389875 ms (FindLiveObjects: 0.027916 ms CreateObjectMapping: 0.004542 ms MarkObjects: 3.336958 ms  DeleteObjects: 0.020166 ms)

Prepare: number of updated asset objects reloaded= 0
========================================================================
Received Import Request.
  Time since last request: 437.148584 seconds.
  path: Assets/Scenes/4-prefab.unity
  importAddress: Guid(6e27aa59924a842b18241842ff022c76) Importer(815301076,1909f56bfc062723c751e8b465ee728b)
Start importing Assets/Scenes/4-prefab.unity using Guid(6e27aa59924a842b18241842ff022c76) Importer(815301076,1909f56bfc062723c751e8b465ee728b) (PreviewImporter) -> (Import Result ID: 'c59a277bed3eaf7a89700687881ab4af') in 0.002683458 seconds [static and dynamic dependencies]. Details - ImportResultOutputID=3280f2a8ae2be5af03ae4d65e96a7ecf DependenciesID=b872ef7a12e68eedbde84c9c44797fbf StaticDependenciesID=7322665af3544e0310a3ab43800b31a0 
Number of updated asset objects reloaded before import = 0Number of asset objects unloaded after import = 0

========================================================================
Received Import Request.
  Time since last request: 9.058162 seconds.
  path: Assets/Scenes/4-prefab 1.unity
  importAddress: Guid(3b527ceebd611415abc13b2571923e62) Importer(815301076,1909f56bfc062723c751e8b465ee728b)
Start importing Assets/Scenes/4-prefab 1.unity using Guid(3b527ceebd611415abc13b2571923e62) Importer(815301076,1909f56bfc062723c751e8b465ee728b) (PreviewImporter) -> (Import Result ID: '550980530da77adb797a91b414643c8d') in 0.000356375 seconds [static and dynamic dependencies]. Details - ImportResultOutputID=dc24658f15a9c72ea253b7898ec9edaa DependenciesID=da675b283019cae0665997531b56da46 StaticDependenciesID=fcb3f186398608ec1a77cf0c47c07eca 
Number of updated asset objects reloaded before import = 0Number of asset objects unloaded after import = 0

========================================================================
Received Import Request.
  Time since last request: 5.675714 seconds.
  path: Assets/Scenes/4-prefab.unity
  importAddress: Guid(6e27aa59924a842b18241842ff022c76) Importer(2089858483,b0f066a214c2f5e87bad3c948f4d605d)
Start importing Assets/Scenes/4-prefab.unity using Guid(6e27aa59924a842b18241842ff022c76) Importer(2089858483,b0f066a214c2f5e87bad3c948f4d605d) (ScriptedImporter) -> (Import Result ID: '2faa802bf47746b9b106b85f536a03d3') in 0.077459209 seconds [static and dynamic dependencies]. Details - ImportResultOutputID=e63fea421f4e0c7ebdc556d898901650 DependenciesID=6316fe904ceda4615a5b1c791aa61177 StaticDependenciesID=ae0a7e71f64fb8f710bb7b90df621f5b 
Number of updated asset objects reloaded before import = 0Number of asset objects unloaded after import = 1

========================================================================
Received Import Request.
  Time since last request: 1.366330 seconds.
  path: Assets/Scenes/5-more_colors.unity
  importAddress: Guid(3b527ceebd611415abc13b2571923e62) Importer(815301076,1909f56bfc062723c751e8b465ee728b)
Start importing Assets/Scenes/5-more_colors.unity using Guid(3b527ceebd611415abc13b2571923e62) Importer(815301076,1909f56bfc062723c751e8b465ee728b) (PreviewImporter) -> (Import Result ID: '7aa6fee75debede41dfd1322b8727798') in 0.000283083 seconds [static and dynamic dependencies]. Details - ImportResultOutputID=dc24658f15a9c72ea253b7898ec9edaa DependenciesID=51af3bea847ae6495fa03523c781d0c0 StaticDependenciesID=b85a35847fba54ad4cdd95d06b6ed247 
Number of updated asset objects reloaded before import = 0Number of asset objects unloaded after import = 0

========================================================================
Received Import Request.
  Time since last request: 0.996988 seconds.
  path: Assets/Scenes/5-more_colors.unity
  importAddress: Guid(3b527ceebd611415abc13b2571923e62) Importer(2089858483,b0f066a214c2f5e87bad3c948f4d605d)
Start importing Assets/Scenes/5-more_colors.unity using Guid(3b527ceebd611415abc13b2571923e62) Importer(2089858483,b0f066a214c2f5e87bad3c948f4d605d) (ScriptedImporter) -> (Import Result ID: '65463328fb55e5ae34fb5946800d175a') in 0.001515083 seconds [static and dynamic dependencies]. Details - ImportResultOutputID=a5d005fd79776e451cae450cd0d3147f DependenciesID=c440381802d8e9dd14dee12cdc082aa3 StaticDependenciesID=135d4d268cf5223df7d4e5c7f7e8a23c 
Number of updated asset objects reloaded before import = 0Number of asset objects unloaded after import = 1

========================================================================
Received Import Request.
  Time since last request: 36.300495 seconds.
  path: Assets/Materials/ball-red.mat
  importAddress: Guid(b1fb6111339584cdbb14f53baa7458f0) Importer(2089858483,b0f066a214c2f5e87bad3c948f4d605d)
Start importing Assets/Materials/ball-red.mat using Guid(b1fb6111339584cdbb14f53baa7458f0) Importer(2089858483,b0f066a214c2f5e87bad3c948f4d605d) (ScriptedImporter) -> (Import Result ID: '5a352761e74aaa4a5071609a0cc33009') in 0.0166875 seconds [static and dynamic dependencies]. Details - ImportResultOutputID=4906543bb2c3ca7d699adb6dc4135345 DependenciesID=1da43d9454fab6563fab6509d15e4080 StaticDependenciesID=f2ce47e45a0f3113a2e4cbb695be06b6 
Number of updated asset objects reloaded before import = 0Number of asset objects unloaded after import = 1

========================================================================
Received Import Request.
  Time since last request: 50.082959 seconds.
  path: Assets/Materials/ball-blue.mat
  importAddress: Guid(fbb4ea69fd2b142e3af1a0b53271d024) Importer(2089858483,b0f066a214c2f5e87bad3c948f4d605d)
Start importing Assets/Materials/ball-blue.mat using Guid(fbb4ea69fd2b142e3af1a0b53271d024) Importer(2089858483,b0f066a214c2f5e87bad3c948f4d605d) (ScriptedImporter) -> (Import Result ID: 'b4fc49d36cac6f3f6e5923a756d32c7f') in 0.002207458 seconds [static and dynamic dependencies]. Details - ImportResultOutputID=73940284b687ac6f869ef17af59529f0 DependenciesID=37af315cef064ca7f2423db39aba4172 StaticDependenciesID=d06ccc6370dd523bc79369a637117091 
Number of updated asset objects reloaded before import = 0Number of asset objects unloaded after import = 1

========================================================================
Received Import Request.
  Time since last request: 29.827395 seconds.
  path: Assets/Materials/ball-green.mat
  importAddress: Guid(fe2e4cd4c57624ae792991eac1cc4a47) Importer(2089858483,b0f066a214c2f5e87bad3c948f4d605d)
Start importing Assets/Materials/ball-green.mat using Guid(fe2e4cd4c57624ae792991eac1cc4a47) Importer(2089858483,b0f066a214c2f5e87bad3c948f4d605d) (ScriptedImporter) -> (Import Result ID: 'f4915e7c2ba5cebbbf93f9d40403b8d6') in 0.002718166 seconds [static and dynamic dependencies]. Details - ImportResultOutputID=7ce1e25a3bc17f7e59aaf3af6d8f2220 DependenciesID=0be5c16898cef6aba674b011add68402 StaticDependenciesID=27174004415ffca30332d4790ed3b0bb 
Number of updated asset objects reloaded before import = 0Number of asset objects unloaded after import = 1

========================================================================
Received Import Request.
  Time since last request: 30.245238 seconds.
  path: Assets/Materials/ball-white.mat
  importAddress: Guid(583a1e17a6be548d8b40262e2186b39a) Importer(2089858483,b0f066a214c2f5e87bad3c948f4d605d)
Start importing Assets/Materials/ball-white.mat using Guid(583a1e17a6be548d8b40262e2186b39a) Importer(2089858483,b0f066a214c2f5e87bad3c948f4d605d) (ScriptedImporter) -> (Import Result ID: '686b16aa02793bd8964ce41b8395bb28') in 0.00199275 seconds [static and dynamic dependencies]. Details - ImportResultOutputID=4d5b4cefcb5e07ef77f9afe2b3b3881a DependenciesID=ebce90362f1ee1ad1800d24ee34b82fb StaticDependenciesID=7e18e2a15dc58bb4101934cf81f0ffc5 
Number of updated asset objects reloaded before import = 0Number of asset objects unloaded after import = 1

========================================================================
Received Import Request.
  Time since last request: 30.033001 seconds.
  path: Assets/Materials/ball-black.mat
  importAddress: Guid(5a19674e7dee44af0a37cb98d7d277fe) Importer(2089858483,b0f066a214c2f5e87bad3c948f4d605d)
Start importing Assets/Materials/ball-black.mat using Guid(5a19674e7dee44af0a37cb98d7d277fe) Importer(2089858483,b0f066a214c2f5e87bad3c948f4d605d) (ScriptedImporter) -> (Import Result ID: '845019345b8ae6396be420b365f4dfc7') in 0.002434709 seconds [static and dynamic dependencies]. Details - ImportResultOutputID=c1cbcb80014920183c8cbbb6ddb62800 DependenciesID=98e5ce6ee7fa2a316fbf88f43c51126f StaticDependenciesID=a0582605c1e53be0d79b2f0df1794a48 
Number of updated asset objects reloaded before import = 0Number of asset objects unloaded after import = 1

========================================================================
Received Import Request.
  Time since last request: 208.294060 seconds.
  path: Assets/Materials/ball-black.mat
  importAddress: Guid(5a19674e7dee44af0a37cb98d7d277fe) Importer(2089858483,b0f066a214c2f5e87bad3c948f4d605d)
Start importing Assets/Materials/ball-black.mat using Guid(5a19674e7dee44af0a37cb98d7d277fe) Importer(2089858483,b0f066a214c2f5e87bad3c948f4d605d) (ScriptedImporter) -> (Import Result ID: 'a5686a832212c644e069590eb3f15986') in 0.005102792 seconds [static and dynamic dependencies]. Details - ImportResultOutputID=667cfbdd95ad6be835929f7c59797673 DependenciesID=874e0bc0965c3665d2a1a11bb04b768f StaticDependenciesID=c7c88a381909220df937957214a0ebc4 
Number of updated asset objects reloaded before import = 0Number of asset objects unloaded after import = 1

========================================================================
Received Import Request.
  Time since last request: 0.000063 seconds.
  path: Assets/Materials/ball-red.mat
  importAddress: Guid(b1fb6111339584cdbb14f53baa7458f0) Importer(2089858483,b0f066a214c2f5e87bad3c948f4d605d)
Start importing Assets/Materials/ball-red.mat using Guid(b1fb6111339584cdbb14f53baa7458f0) Importer(2089858483,b0f066a214c2f5e87bad3c948f4d605d) (ScriptedImporter) -> (Import Result ID: '23457ad99512a0b8c1480fbb8ca5334f') in 0.001538 seconds [static and dynamic dependencies]. Details - ImportResultOutputID=3ddda42c62f82ac9be42f3fe358dd176 DependenciesID=cc59ffba2c936f8cae325b3d6f19c1da StaticDependenciesID=f64b6c185dff45a606e2cca33bb7059f 
Number of updated asset objects reloaded before import = 0Number of asset objects unloaded after import = 1

========================================================================
Received Import Request.
  Time since last request: 0.000030 seconds.
  path: Assets/Materials/ball-blue.mat
  importAddress: Guid(fbb4ea69fd2b142e3af1a0b53271d024) Importer(2089858483,b0f066a214c2f5e87bad3c948f4d605d)
Start importing Assets/Materials/ball-blue.mat using Guid(fbb4ea69fd2b142e3af1a0b53271d024) Importer(2089858483,b0f066a214c2f5e87bad3c948f4d605d) (ScriptedImporter) -> (Import Result ID: '3a75d5e8add3bfc9143692698764123e') in 0.002066375 seconds [static and dynamic dependencies]. Details - ImportResultOutputID=04855e853297892cc5a95a202a6e6201 DependenciesID=49260981569ccc267036811b618cbfa7 StaticDependenciesID=eab0651ab122ca33e6f1cbb4575505f2 
Number of updated asset objects reloaded before import = 0Number of asset objects unloaded after import = 1

========================================================================
Received Import Request.
  Time since last request: 0.000031 seconds.
  path: Assets/Scenes/5-more_colors.unity
  importAddress: Guid(3b527ceebd611415abc13b2571923e62) Importer(2089858483,b0f066a214c2f5e87bad3c948f4d605d)
Start importing Assets/Scenes/5-more_colors.unity using Guid(3b527ceebd611415abc13b2571923e62) Importer(2089858483,b0f066a214c2f5e87bad3c948f4d605d) (ScriptedImporter) -> (Import Result ID: 'ab29ade1635089c2ce5520da0680002c') in 0.001432708 seconds [static and dynamic dependencies]. Details - ImportResultOutputID=afa28ddfa4ce35caec522352f55b1497 DependenciesID=a146fa481c0bd6495f9881ab2edb228e StaticDependenciesID=2094d081acb4f3dd34b3540f0e394df3 
Number of updated asset objects reloaded before import = 0Number of asset objects unloaded after import = 1

========================================================================
Received Import Request.
  Time since last request: 3.470097 seconds.
  path: Assets/Scenes/5-more_colors.unity
  importAddress: Guid(3b527ceebd611415abc13b2571923e62) Importer(815301076,1909f56bfc062723c751e8b465ee728b)
Start importing Assets/Scenes/5-more_colors.unity using Guid(3b527ceebd611415abc13b2571923e62) Importer(815301076,1909f56bfc062723c751e8b465ee728b) (PreviewImporter) -> (Import Result ID: 'a9240122e2805ec834aee184bea38e45') in 0.00026125 seconds [static and dynamic dependencies]. Details - ImportResultOutputID=dc24658f15a9c72ea253b7898ec9edaa DependenciesID=e53185277a3776347b401c6cb76c14ef StaticDependenciesID=1272f60a97528cfbaf39da86f79e850d 
Number of updated asset objects reloaded before import = 0Number of asset objects unloaded after import = 0

========================================================================
Received Import Request.
  Time since last request: 1.287961 seconds.
  path: Assets/Scenes/5-more_colors 1.unity
  importAddress: Guid(3e11a019288214b2aa8c226726e7db71) Importer(815301076,1909f56bfc062723c751e8b465ee728b)
Start importing Assets/Scenes/5-more_colors 1.unity using Guid(3e11a019288214b2aa8c226726e7db71) Importer(815301076,1909f56bfc062723c751e8b465ee728b) (PreviewImporter) -> (Import Result ID: '30ee16e543631ec167867d3d70bcec17') in 0.000280292 seconds [static and dynamic dependencies]. Details - ImportResultOutputID=8b3f5951e3f51af2edbbe3dba34c0e47 DependenciesID=f29b4b0e52e2785b2bac5edc26ca7e16 StaticDependenciesID=206679d6c35b853e5ffe8bed31052bfb 
Number of updated asset objects reloaded before import = 0Number of asset objects unloaded after import = 0

========================================================================
Received Import Request.
  Time since last request: 0.994630 seconds.
  path: Assets/Scenes/5-more_colors 1.unity
  importAddress: Guid(3e11a019288214b2aa8c226726e7db71) Importer(2089858483,b0f066a214c2f5e87bad3c948f4d605d)
Start importing Assets/Scenes/5-more_colors 1.unity using Guid(3e11a019288214b2aa8c226726e7db71) Importer(2089858483,b0f066a214c2f5e87bad3c948f4d605d) (ScriptedImporter) -> (Import Result ID: '341e2e36ab1d425f65a8e4d7f35de034') in 0.002694208 seconds [static and dynamic dependencies]. Details - ImportResultOutputID=ba857cd73796ffc0a7ab9942c6eb20fa DependenciesID=5d9482a7bc052cc8c4fae0990464953b StaticDependenciesID=1f833154c60a51743d04073885ce0953 
Number of updated asset objects reloaded before import = 0Number of asset objects unloaded after import = 1

========================================================================
Received Import Request.
  Time since last request: 10.101795 seconds.
  path: Assets/Scenes/6-tags.unity
  importAddress: Guid(3e11a019288214b2aa8c226726e7db71) Importer(815301076,1909f56bfc062723c751e8b465ee728b)
Start importing Assets/Scenes/6-tags.unity using Guid(3e11a019288214b2aa8c226726e7db71) Importer(815301076,1909f56bfc062723c751e8b465ee728b) (PreviewImporter) -> (Import Result ID: '37195b40a9e88c2a1152753c5c219d67') in 0.000252167 seconds [static and dynamic dependencies]. Details - ImportResultOutputID=8b3f5951e3f51af2edbbe3dba34c0e47 DependenciesID=795d3f3a36bd0af06ad57b166c4d4099 StaticDependenciesID=121ae33494860834b29ac2bfb97c406b 
Number of updated asset objects reloaded before import = 0Number of asset objects unloaded after import = 0

========================================================================
Received Import Request.
  Time since last request: 0.994800 seconds.
  path: Assets/Scenes/6-tags.unity
  importAddress: Guid(3e11a019288214b2aa8c226726e7db71) Importer(2089858483,b0f066a214c2f5e87bad3c948f4d605d)
Start importing Assets/Scenes/6-tags.unity using Guid(3e11a019288214b2aa8c226726e7db71) Importer(2089858483,b0f066a214c2f5e87bad3c948f4d605d) (ScriptedImporter) -> (Import Result ID: 'a524aa001499d62a0babbbe8905dcaee') in 0.001999583 seconds [static and dynamic dependencies]. Details - ImportResultOutputID=9e87ad21bb8d1b70ce975ecfa52d8f0b DependenciesID=073b9911f0a52a0e34693476e9974375 StaticDependenciesID=8e15adece1e400dfd5336fa68f1085b5 
Number of updated asset objects reloaded before import = 0Number of asset objects unloaded after import = 1

========================================================================
Received Import Request.
  Time since last request: 108.292581 seconds.
  path: ProjectSettings/TagManager.asset
  importAddress: Guid(00000000000000003000000000000000) Importer(815301076,1909f56bfc062723c751e8b465ee728b)
Start importing ProjectSettings/TagManager.asset using Guid(00000000000000003000000000000000) Importer(815301076,1909f56bfc062723c751e8b465ee728b) (PreviewImporter) -> (Import Result ID: 'dae98ee79b16aaf08e7f8e45d4c3091d') in 0.017580041 seconds [static and dynamic dependencies]. Details - ImportResultOutputID=29f54aeb3707b7e7ec67b36508eeded7 DependenciesID=bb8b739148c763fe2ba0bee9361826c8 StaticDependenciesID=d283c95c43141b9e0d8473ba1972e699 
Number of updated asset objects reloaded before import = 0Number of asset objects unloaded after import = 0

========================================================================
Received Import Request.
  Time since last request: 49.539726 seconds.
  path: Assets/Prefabs/Ball.prefab
  importAddress: Guid(dbda5d88657214f7d891de847a204803) Importer(815301076,1909f56bfc062723c751e8b465ee728b)
Start importing Assets/Prefabs/Ball.prefab using Guid(dbda5d88657214f7d891de847a204803) Importer(815301076,1909f56bfc062723c751e8b465ee728b) (PreviewImporter) -> (Import Result ID: '65dd62c38fc4f68abbe7c33242fb1d2a') in 0.052693875 seconds [static and dynamic dependencies]. Details - ImportResultOutputID=8eb65a6c162a2e8e7462880be775f560 DependenciesID=3dc05abc023208d0fa907ad3b4892802 StaticDependenciesID=e630914d34d8e35367509a97ac61ac17 
Number of updated asset objects reloaded before import = 0Number of asset objects unloaded after import = 10

========================================================================
Received Import Request.
  Time since last request: 0.936744 seconds.
  path: Assets/Prefabs/Ball.prefab
  importAddress: Guid(dbda5d88657214f7d891de847a204803) Importer(2089858483,b0f066a214c2f5e87bad3c948f4d605d)
Start importing Assets/Prefabs/Ball.prefab using Guid(dbda5d88657214f7d891de847a204803) Importer(2089858483,b0f066a214c2f5e87bad3c948f4d605d) (ScriptedImporter) -> (Import Result ID: 'c6a4634e9e9e8656b4a64d58dedbaa2d') in 0.018834167 seconds [static and dynamic dependencies]. Details - ImportResultOutputID=e098496eb16b3c4ea74754bafa2bd5bd DependenciesID=fb461147ce509ef9496e1cd46e107a78 StaticDependenciesID=6e5a2c27793e053cdd08785e8777f831 
Number of updated asset objects reloaded before import = 0Number of asset objects unloaded after import = 10

========================================================================
Received Import Request.
  Time since last request: 763.015194 seconds.
  path: Assets/Materials/ball.mat
  importAddress: Guid(410c3ba6786204f3d84d6b8d0b1a7da5) Importer(2089858483,b0f066a214c2f5e87bad3c948f4d605d)
Start importing Assets/Materials/ball.mat using Guid(410c3ba6786204f3d84d6b8d0b1a7da5) Importer(2089858483,b0f066a214c2f5e87bad3c948f4d605d) (ScriptedImporter) -> (Import Result ID: 'ae13f40294a7e32538e38136594b7dcf') in 0.005567542 seconds [static and dynamic dependencies]. Details - ImportResultOutputID=198a4c2144204f03b3c19069954e6625 DependenciesID=8d80ae2215189c38db180b50da6e6971 StaticDependenciesID=2ff9044794eb419025a00042d69ca5f4 
Number of updated asset objects reloaded before import = 0Number of asset objects unloaded after import = 1

========================================================================
Received Import Request.
  Time since last request: 89.315708 seconds.
  path: Assets/Physic Materials/bounce.physicMaterial
  importAddress: Guid(3be87b451d60d46748b19369332cab62) Importer(2089858483,b0f066a214c2f5e87bad3c948f4d605d)
Start importing Assets/Physic Materials/bounce.physicMaterial using Guid(3be87b451d60d46748b19369332cab62) Importer(2089858483,b0f066a214c2f5e87bad3c948f4d605d) (ScriptedImporter) -> (Import Result ID: '6e348d75f36dd2bd0cb449eeaccea282') in 0.004923417 seconds [static and dynamic dependencies]. Details - ImportResultOutputID=fecbe8dc68a49266e0bbc8b1d8f2fc78 DependenciesID=b0623a9699682c74ffacd5d885b949df StaticDependenciesID=594463cc1bce00957f43c0648e03b5df 
Number of updated asset objects reloaded before import = 0Number of asset objects unloaded after import = 1

========================================================================
Received Import Request.
  Time since last request: 1.032503 seconds.
  path: Assets/Physic Materials/bounce.physicMaterial
  importAddress: Guid(3be87b451d60d46748b19369332cab62) Importer(815301076,1909f56bfc062723c751e8b465ee728b)
Start importing Assets/Physic Materials/bounce.physicMaterial using Guid(3be87b451d60d46748b19369332cab62) Importer(815301076,1909f56bfc062723c751e8b465ee728b) (PreviewImporter) -> (Import Result ID: '12ccd811ad36f399f2757ec03ba128e0') in 0.001187667 seconds [static and dynamic dependencies]. Details - ImportResultOutputID=2ee845707b504a0465a8b517003b7c81 DependenciesID=e1c4827f55960184c0f06175fe1b1674 StaticDependenciesID=b65032cfb07929a93f51da6642f3adb0 
Number of updated asset objects reloaded before import = 0Number of asset objects unloaded after import = 1

========================================================================
Received Import Request.
  Time since last request: 19.248418 seconds.
  path: Assets/Physic Materials/bounce.physicMaterial
  importAddress: Guid(3be87b451d60d46748b19369332cab62) Importer(815301076,1909f56bfc062723c751e8b465ee728b)
Start importing Assets/Physic Materials/bounce.physicMaterial using Guid(3be87b451d60d46748b19369332cab62) Importer(815301076,1909f56bfc062723c751e8b465ee728b) (PreviewImporter) -> (Import Result ID: '727fb236f792c98bbea6be56b4008560') in 0.00054925 seconds [static and dynamic dependencies]. Details - ImportResultOutputID=2ee845707b504a0465a8b517003b7c81 DependenciesID=f88de6caf81f852ef5e212e745971a62 StaticDependenciesID=ac13126b522ffbabc15e924c5ee8393b 
Number of updated asset objects reloaded before import = 0Number of asset objects unloaded after import = 1

========================================================================
Received Import Request.
  Time since last request: 0.995713 seconds.
  path: Assets/Physic Materials/bounce.physicMaterial
  importAddress: Guid(3be87b451d60d46748b19369332cab62) Importer(2089858483,b0f066a214c2f5e87bad3c948f4d605d)
Start importing Assets/Physic Materials/bounce.physicMaterial using Guid(3be87b451d60d46748b19369332cab62) Importer(2089858483,b0f066a214c2f5e87bad3c948f4d605d) (ScriptedImporter) -> (Import Result ID: '60780b3879a1944774a3adc8ff485370') in 0.001749084 seconds [static and dynamic dependencies]. Details - ImportResultOutputID=6c0b66268ca4e667cf0c0085ace19c48 DependenciesID=e5f270304238957c7c3bca0bf02ce764 StaticDependenciesID=f5e03a429714cdcc5a2cedf32163ca2d 
Number of updated asset objects reloaded before import = 0Number of asset objects unloaded after import = 1

